Determining if the pthread_create exist failed with the following output:
Change Dir: /home/wzq/pathplanning/build/CMakeFiles/CMakeTmp

Run Build Command:"/usr/bin/make" "cmTC_2087d/fast"
/usr/bin/make -f CMakeFiles/cmTC_2087d.dir/build.make CMakeFiles/cmTC_2087d.dir/build
make[1]: Entering directory `/home/wzq/pathplanning/build/CMakeFiles/CMakeTmp'
Building C object CMakeFiles/cmTC_2087d.dir/CheckSymbolExists.c.o
/usr/bin/cc     -o CMakeFiles/cmTC_2087d.dir/CheckSymbolExists.c.o   -c /home/wzq/pathplanning/build/CMakeFiles/CMakeTmp/CheckSymbolExists.c
Linking C executable cmTC_2087d
/usr/bin/cmake -E cmake_link_script CMakeFiles/cmTC_2087d.dir/link.txt --verbose=1
/usr/bin/cc       CMakeFiles/cmTC_2087d.dir/CheckSymbolExists.c.o  -o cmTC_2087d -rdynamic 
CMakeFiles/cmTC_2087d.dir/CheckSymbolExists.c.o: In function `main':
CheckSymbolExists.c:(.text+0x16): undefined reference to `pthread_create'
collect2: error: ld returned 1 exit status
make[1]: *** [cmTC_2087d] Error 1
make[1]: Leaving directory `/home/wzq/pathplanning/build/CMakeFiles/CMakeTmp'
make: *** [cmTC_2087d/fast] Error 2

File /home/wzq/pathplanning/build/CMakeFiles/CMakeTmp/CheckSymbolExists.c:
/* */
#include <pthread.h>

int main(int argc, char** argv)
{
  (void)argv;
#ifndef pthread_create
  return ((int*)(&pthread_create))[argc];
#else
  (void)argc;
  return 0;
#endif
}

Determining if the function pthread_create exists in the pthreads failed with the following output:
Change Dir: /home/wzq/pathplanning/build/CMakeFiles/CMakeTmp

Run Build Command:"/usr/bin/make" "cmTC_f11b1/fast"
/usr/bin/make -f CMakeFiles/cmTC_f11b1.dir/build.make CMakeFiles/cmTC_f11b1.dir/build
make[1]: Entering directory `/home/wzq/pathplanning/build/CMakeFiles/CMakeTmp'
Building C object CMakeFiles/cmTC_f11b1.dir/CheckFunctionExists.c.o
/usr/bin/cc    -DCHECK_FUNCTION_EXISTS=pthread_create   -o CMakeFiles/cmTC_f11b1.dir/CheckFunctionExists.c.o   -c /usr/share/cmake-3.5/Modules/CheckFunctionExists.c
Linking C executable cmTC_f11b1
/usr/bin/cmake -E cmake_link_script CMakeFiles/cmTC_f11b1.dir/link.txt --verbose=1
/usr/bin/cc   -DCHECK_FUNCTION_EXISTS=pthread_create    CMakeFiles/cmTC_f11b1.dir/CheckFunctionExists.c.o  -o cmTC_f11b1 -rdynamic -lpthreads 
/usr/bin/ld: cannot find -lpthreads
collect2: error: ld returned 1 exit status
make[1]: *** [cmTC_f11b1] Error 1
make[1]: Leaving directory `/home/wzq/pathplanning/build/CMakeFiles/CMakeTmp'
make: *** [cmTC_f11b1/fast] Error 2


